[   25158ms] [LOG] === Central Router beforeEach === @ https://id-staging.item.com/assets/js/index-Cyr-0frv.js:195
[   25158ms] [LOG] Central Router - to.path: /login @ https://id-staging.item.com/assets/js/index-Cyr-0frv.js:195
[   25158ms] [LOG] Central Router - to.name: login @ https://id-staging.item.com/assets/js/index-Cyr-0frv.js:195
[   25158ms] [LOG] Central Router - from.path: / @ https://id-staging.item.com/assets/js/index-Cyr-0frv.js:195
[   25158ms] [LOG] Central Router - window.location.hash:  @ https://id-staging.item.com/assets/js/index-Cyr-0frv.js:195
[   25158ms] [LOG] Central Router - window.location.pathname: / @ https://id-staging.item.com/assets/js/index-Cyr-0frv.js:195
[   25158ms] [LOG] Central Router - routes: [/item/active/account, /payment-binding/success, /signup/welcome, /signup/company-info, /signup/plan-configuration, /loading-oauth, /oauth-bind, /, /login, /signup, /forget, /register, /create-account, /payment-binding, /difyapi-platform, /difyapi-tenant, /tianai-captcha-test] @ https://id-staging.item.com/assets/js/index-Cyr-0frv.js:195
[   25162ms] [LOG] [LoginWithFlow] Component mounted @ https://id-staging.item.com/assets/js/index-Cyr-0frv.js:126
[   25163ms] [LOG] [LoginWithFlow] Source from URL: default @ https://id-staging.item.com/assets/js/index-Cyr-0frv.js:126
[   25163ms] [LOG] [LoginWithFlow] Current Route: /login @ https://id-staging.item.com/assets/js/index-Cyr-0frv.js:126
[   25164ms] [LOG] [ActionHandlerRegistry] Registered handler for action type: 'switch-to-login' @ https://id-staging.item.com/assets/js/index-Cyr-0frv.js:63
[   25164ms] [LOG] [RouteSwitchHandler] Registered custom switch-to-login action handler for route: /login @ https://id-staging.item.com/assets/js/index-Cyr-0frv.js:126
[   25164ms] [LOG] [ActionHandlerRegistry] Registered handler for action type: 'switch-to-register' @ https://id-staging.item.com/assets/js/index-Cyr-0frv.js:63
[   25165ms] [LOG] [RouteSwitchHandler] Registered custom switch-to-register action handler for route: /register @ https://id-staging.item.com/assets/js/index-Cyr-0frv.js:126
[   25165ms] [LOG] [ActionHandlerRegistry] Registered handler for action type: 'switch-to-forgot-password' @ https://id-staging.item.com/assets/js/index-Cyr-0frv.js:63
[   25165ms] [LOG] [RouteSwitchHandler] Registered custom switch-to-forgot-password action handler for route: /forget @ https://id-staging.item.com/assets/js/index-Cyr-0frv.js:126
[   25165ms] [LOG] [RouteSwitchHandler] All route switch handlers initialized @ https://id-staging.item.com/assets/js/index-Cyr-0frv.js:126
[   25165ms] [LOG] [LoginWithFlow] Initializing with source: default @ https://id-staging.item.com/assets/js/index-Cyr-0frv.js:126
[   25166ms] [LOG] [LoginWithFlow] Initializing config manager with source: default @ https://id-staging.item.com/assets/js/index-Cyr-0frv.js:126
[   25167ms] [LOG] [IamConfigManager] Initializing with source: default @ https://id-staging.item.com/assets/js/index-Cyr-0frv.js:114
[   25167ms] [LOG] [IamConfigManager] Loading application config: default @ https://id-staging.item.com/assets/js/index-Cyr-0frv.js:114
[   25171ms] [INFO] Slow network is detected. See https://www.chromestatus.com/feature/5636954674692096 for more details. Fallback font will be used while loading: https://id-staging.item.com/assets/otf/HelveticaNowDisplay-Regular-BTDLwXjp-2229eb5e433dd10f2b3cad36a9e5162e.otf @ https://id-staging.item.com/?auth_url=L29hdXRoMi9hdXRob3JpemU_cmVzcG9uc2VfdHlwZT1jb2RlJmNsaWVudF9pZD1hcHBfb21zLXYyXzE3MjEyMTk5NTk1MzImc2NvcGU9cHJvZmlsZStlbWFpbCtwaG9uZStvcGVuaWQmcmVkaXJlY3RfdXJpPWh0dHBzJTNBJTJGJTJGb21zdjMtc3RhZ2luZy5pdGVtLmNvbSUyRmF1dGgtY29kZQ==#/login:0
[   25434ms] [LOG] [IamConfigManager] Application config loaded: {application: Object, flowOrchestration: Object, overrides: Object, pages: Object} @ https://id-staging.item.com/assets/js/index-Cyr-0frv.js:114
[   25439ms] [LOG] [IamConfigManager] Initialization completed @ https://id-staging.item.com/assets/js/index-Cyr-0frv.js:114
[   25439ms] [LOG] [LoginWithFlow] Config manager initialized @ https://id-staging.item.com/assets/js/index-Cyr-0frv.js:126
[   25439ms] [LOG] [LoginWithFlow] Application config loaded: {application: Object, flowOrchestration: Object, overrides: Object, pages: Object} @ https://id-staging.item.com/assets/js/index-Cyr-0frv.js:126
[   25441ms] [LOG] [LoginWithFlow] Loading login flow config @ https://id-staging.item.com/assets/js/index-Cyr-0frv.js:126
[   25441ms] [LOG] [LoginWithFlow] Page config: {path: /login, name: Login Page, flowCode: flow_login, enabled: true} @ https://id-staging.item.com/assets/js/index-Cyr-0frv.js:126
[   25442ms] [LOG] [LoginWithFlow] Loading flow from page config: flow_login @ https://id-staging.item.com/assets/js/index-Cyr-0frv.js:126
[   25443ms] [LOG] [IamConfigManager] Loading flow for page: /login → flow_login @ https://id-staging.item.com/assets/js/index-Cyr-0frv.js:114
[   25444ms] [LOG] [IamConfigManager] Getting flow config: flow_login @ https://id-staging.item.com/assets/js/index-Cyr-0frv.js:114
[   25445ms] [LOG] [IamConfigManager] Loading and merging flow: flow_login @ https://id-staging.item.com/assets/js/index-Cyr-0frv.js:114
[   25446ms] [LOG] [IamConfigManager] Loading flow definition: flow_login @ https://id-staging.item.com/assets/js/index-Cyr-0frv.js:114
[   25713ms] [LOG] [IamConfigManager] Flow definition loaded: flow_login @ https://id-staging.item.com/assets/js/index-Cyr-0frv.js:114
[   25715ms] [LOG] [IamConfigManager] Flow config merged and parsed: flow_login @ https://id-staging.item.com/assets/js/index-Cyr-0frv.js:114
[   25715ms] [LOG] [LoginWithFlow] Flow config loaded: Proxy(Object) @ https://id-staging.item.com/assets/js/index-Cyr-0frv.js:126
[   25716ms] [LOG] [LoginWithFlow] SSO enabled by environment variable (VITE_NODE_ENV=stage) @ https://id-staging.item.com/assets/js/index-Cyr-0frv.js:126
[   25725ms] [LOG] [LoginFlow] Props: {"modelValue":{"username":"","password":""},"baseUrl":"https://id-staging.item.com","config":{"header":{"visible":true,"text":"Sign in to IAM","align":"center","brandName":"ITEM"},"loginMode":{"showToggle":true,"defaultMode":"password","toggleText":{"toPassword":"Password Login","toVerification":"Verification Code Login"}},"login":{"labels":{"username":"Username / Email","password":"Password","tenant":"Tenant"},"placeholders":{"username":"Enter your username or email","password":"Enter your password"},"submitText":"Sign In","config":{"signUp":{"show":true,"text":"Sign Up"},"forgotPassword":{"show":true,"text":"Forgot Password?"},"tenant":{"show":false,"required":false},"technicalServiceProvider":{"show":true,"label":"Technical Service Provider: ","team":"Public Platform Team","company":"of Item"}}},"verificationCode":{"header":{"title":"Guest Verification","description":"Enter your email to receive a verification code"},"labels":{"username":"Email","verificationCode":"Verification Code"},"placeholders":{"username":"Enter your email","verificationCode":"Enter your verification code"},"submitText":"Sign In","loadingText":"Loading...","sendCodeText":"Send Code","sendingCodeText":"Sending...","resendCodeText":"seconds later","backToPasswordText":"Back to Sign In","countdownSeconds":60,"config":{"signUp":{"show":true,"text":"Sign Up","prefix":"Don't have an account?"},"technicalServiceProvider":{"show":true,"label":"Technical Service Provider: ","team":"Public Platform Team","company":" of Item"}}},"sso":{"show":true},"footer":{"visible":true,"prefix":"Copyright © ","highlight":"Item IAM 2026","align":"center"},"security":{"captcha":{"enabled":true,"type":"SLIDER","errorMessages":{"required":"Please complete the captcha verification","invalid":"Verification failed, please try again"}}},"actions":{"signUp":{"type":"switch-to-register"},"forgotPassword":{"type":"switch-to-forgot-password"}}},"target":"iam","loading":false,"disabled":false,"captchaState":{"required":false,"resetKey":0}} @ https://id-staging.item.com/assets/js/index-Cyr-0frv.js:114
[   25753ms] [LOG] [LoginForm] captchaState.required changed to: false captchaConfig: {"enabled":true,"type":"SLIDER","errorMessages":{"required":"Please complete the captcha verification","invalid":"Verification failed, please try again"}} @ https://id-staging.item.com/assets/js/index-Cyr-0frv.js:63
[   25776ms] [LOG] %c ChatAssistant component mounted background: #222; color: #bada55; font-size: 16px; padding: 5px; @ https://id-staging.item.com/assets/js/index-Cyr-0frv.js:116
[   25776ms] [LOG] Showing assistant... @ https://id-staging.item.com/assets/js/index-Cyr-0frv.js:114
[   25776ms] [LOG] Generating initial position... @ https://id-staging.item.com/assets/js/index-Cyr-0frv.js:114
[   25776ms] [LOG] Position generated: Proxy(Object) @ https://id-staging.item.com/assets/js/index-Cyr-0frv.js:114
[   25777ms] [LOG] [LoginWithFlow] Initialization completed @ https://id-staging.item.com/assets/js/index-Cyr-0frv.js:126
[   25777ms] [LOG] [LoginWithFlow] Checking OAuth callback... @ https://id-staging.item.com/assets/js/index-Cyr-0frv.js:126
[   25777ms] [LOG] [LoginWithFlow] No OAuth callback parameters, skipping @ https://id-staging.item.com/assets/js/index-Cyr-0frv.js:126
[   25780ms] [INFO] Slow network is detected. See https://www.chromestatus.com/feature/5636954674692096 for more details. Fallback font will be used while loading: https://id-staging.item.com/assets/otf/HelveticaNowDisplay-Bd-oKgs3bUD-7607286960affad6612616924869ae0c.otf @ https://id-staging.item.com/?auth_url=L29hdXRoMi9hdXRob3JpemU_cmVzcG9uc2VfdHlwZT1jb2RlJmNsaWVudF9pZD1hcHBfb21zLXYyXzE3MjEyMTk5NTk1MzImc2NvcGU9cHJvZmlsZStlbWFpbCtwaG9uZStvcGVuaWQmcmVkaXJlY3RfdXJpPWh0dHBzJTNBJTJGJTJGb21zdjMtc3RhZ2luZy5pdGVtLmNvbSUyRmF1dGgtY29kZQ==#/login:0
[   25780ms] [INFO] Slow network is detected. See https://www.chromestatus.com/feature/5636954674692096 for more details. Fallback font will be used while loading: https://id-staging.item.com/assets/otf/HelveticaNowDisplay-Md-DeZW1I8u-9e1d831bd7a0a340b8496971dc8dfb4f.otf @ https://id-staging.item.com/?auth_url=L29hdXRoMi9hdXRob3JpemU_cmVzcG9uc2VfdHlwZT1jb2RlJmNsaWVudF9pZD1hcHBfb21zLXYyXzE3MjEyMTk5NTk1MzImc2NvcGU9cHJvZmlsZStlbWFpbCtwaG9uZStvcGVuaWQmcmVkaXJlY3RfdXJpPWh0dHBzJTNBJTJGJTJGb21zdjMtc3RhZ2luZy5pdGVtLmNvbSUyRmF1dGgtY29kZQ==#/login:0
